CRITICAL - 2023-02-12 21:22:23 --> Undefined variable $title
in APPPATH\Views\template\home-tmp.php on line 7.
 1 APPPATH\Views\template\home-tmp.php(7): CodeIgniter\Debug\Exceptions->errorHandler(2, 'Undefined variable $title', 'APPPATH\\Views\\template\\home-tmp.php', 7)
 2 SYSTEMPATH\View\View.php(213): include('APPPATH\\Views\\template\\home-tmp.php')
 3 SYSTEMPATH\View\View.php(216): CodeIgniter\View\View->CodeIgniter\View\{closure}()
 4 SYSTEMPATH\View\View.php(229): CodeIgniter\View\View->render('template/home-tmp', [], true)
 5 SYSTEMPATH\Common.php(1135): CodeIgniter\View\View->render('page/login', [], true)
 6 APPPATH\Controllers\Auth.php(9): view('page/login')
 7 SYSTEMPATH\CodeIgniter.php(925): App\Controllers\Auth->login()
 8 SYSTEMPATH\CodeIgniter.php(480): CodeIgniter\CodeIgniter->runController(Object(App\Controllers\Auth))
 9 SYSTEMPATH\CodeIgniter.php(349): CodeIgniter\CodeIgniter->handleRequest(null, Object(Config\Cache), false)
10 FCPATH\index.php(67): CodeIgniter\CodeIgniter->run()
CRITICAL - 2023-02-12 21:23:01 --> Invalid file: essential/header.php
in SYSTEMPATH\Exceptions\FrameworkException.php on line 33.
 1 SYSTEMPATH\View\View.php(201): CodeIgniter\Exceptions\FrameworkException::forInvalidFile('essential/header.php')
 2 SYSTEMPATH\View\View.php(431): CodeIgniter\View\View->render('essential/header', null, true)
 3 APPPATH\Views\template\home-tmp.php(8): CodeIgniter\View\View->include('essential/header')
 4 SYSTEMPATH\View\View.php(213): include('APPPATH\\Views\\template\\home-tmp.php')
 5 SYSTEMPATH\View\View.php(216): CodeIgniter\View\View->CodeIgniter\View\{closure}()
 6 SYSTEMPATH\View\View.php(229): CodeIgniter\View\View->render('template/home-tmp', [], true)
 7 SYSTEMPATH\Common.php(1135): CodeIgniter\View\View->render('page/login', [], true)
 8 APPPATH\Controllers\Auth.php(12): view('page/login', [...])
 9 SYSTEMPATH\CodeIgniter.php(925): App\Controllers\Auth->login()
10 SYSTEMPATH\CodeIgniter.php(480): CodeIgniter\CodeIgniter->runController(Object(App\Controllers\Auth))
11 SYSTEMPATH\CodeIgniter.php(349): CodeIgniter\CodeIgniter->handleRequest(null, Object(Config\Cache), false)
12 FCPATH\index.php(67): CodeIgniter\CodeIgniter->run()
CRITICAL - 2023-02-12 21:30:02 --> Undefined variable $validation
in APPPATH\Views\page\register.php on line 10.
 1 APPPATH\Views\page\register.php(10): CodeIgniter\Debug\Exceptions->errorHandler(2, 'Undefined variable $validation', 'APPPATH\\Views\\page\\register.php', 10)
 2 SYSTEMPATH\View\View.php(213): include('APPPATH\\Views\\page\\register.php')
 3 SYSTEMPATH\View\View.php(216): CodeIgniter\View\View->CodeIgniter\View\{closure}()
 4 SYSTEMPATH\Common.php(1135): CodeIgniter\View\View->render('page/register', [], true)
 5 APPPATH\Controllers\Auth.php(25): view('page/register', [...])
 6 SYSTEMPATH\CodeIgniter.php(925): App\Controllers\Auth->register()
 7 SYSTEMPATH\CodeIgniter.php(480): CodeIgniter\CodeIgniter->runController(Object(App\Controllers\Auth))
 8 SYSTEMPATH\CodeIgniter.php(349): CodeIgniter\CodeIgniter->handleRequest(null, Object(Config\Cache), false)
 9 FCPATH\index.php(67): CodeIgniter\CodeIgniter->run()
CRITICAL - 2023-02-12 21:44:37 --> syntax error, unexpected token "=", expecting "]"
in APPPATH\Controllers\Auth.php on line 35.
 1 SYSTEMPATH\Router\Router.php(499): CodeIgniter\Router\AutoRouter->getRoute('auth/login')
 2 SYSTEMPATH\Router\Router.php(205): CodeIgniter\Router\Router->autoRoute('auth/login')
 3 SYSTEMPATH\CodeIgniter.php(800): CodeIgniter\Router\Router->handle('auth/login')
 4 SYSTEMPATH\CodeIgniter.php(428): CodeIgniter\CodeIgniter->tryToRouteIt(Object(CodeIgniter\Router\RouteCollection))
 5 SYSTEMPATH\CodeIgniter.php(349): CodeIgniter\CodeIgniter->handleRequest(null, Object(Config\Cache), false)
 6 FCPATH\index.php(67): CodeIgniter\CodeIgniter->run()
CRITICAL - 2023-02-12 21:45:04 --> syntax error, unexpected token "=", expecting "]"
in APPPATH\Controllers\Auth.php on line 35.
 1 SYSTEMPATH\Router\Router.php(499): CodeIgniter\Router\AutoRouter->getRoute('auth/login')
 2 SYSTEMPATH\Router\Router.php(205): CodeIgniter\Router\Router->autoRoute('auth/login')
 3 SYSTEMPATH\CodeIgniter.php(800): CodeIgniter\Router\Router->handle('auth/login')
 4 SYSTEMPATH\CodeIgniter.php(428): CodeIgniter\CodeIgniter->tryToRouteIt(Object(CodeIgniter\Router\RouteCollection))
 5 SYSTEMPATH\CodeIgniter.php(349): CodeIgniter\CodeIgniter->handleRequest(null, Object(Config\Cache), false)
 6 FCPATH\index.php(67): CodeIgniter\CodeIgniter->run()
CRITICAL - 2023-02-12 21:45:05 --> syntax error, unexpected token "=", expecting "]"
in APPPATH\Controllers\Auth.php on line 35.
 1 SYSTEMPATH\Router\Router.php(499): CodeIgniter\Router\AutoRouter->getRoute('auth/login')
 2 SYSTEMPATH\Router\Router.php(205): CodeIgniter\Router\Router->autoRoute('auth/login')
 3 SYSTEMPATH\CodeIgniter.php(800): CodeIgniter\Router\Router->handle('auth/login')
 4 SYSTEMPATH\CodeIgniter.php(428): CodeIgniter\CodeIgniter->tryToRouteIt(Object(CodeIgniter\Router\RouteCollection))
 5 SYSTEMPATH\CodeIgniter.php(349): CodeIgniter\CodeIgniter->handleRequest(null, Object(Config\Cache), false)
 6 FCPATH\index.php(67): CodeIgniter\CodeIgniter->run()
CRITICAL - 2023-02-12 21:45:14 --> syntax error, unexpected token "}"
in APPPATH\Controllers\Auth.php on line 44.
 1 SYSTEMPATH\Router\Router.php(499): CodeIgniter\Router\AutoRouter->getRoute('auth/login')
 2 SYSTEMPATH\Router\Router.php(205): CodeIgniter\Router\Router->autoRoute('auth/login')
 3 SYSTEMPATH\CodeIgniter.php(800): CodeIgniter\Router\Router->handle('auth/login')
 4 SYSTEMPATH\CodeIgniter.php(428): CodeIgniter\CodeIgniter->tryToRouteIt(Object(CodeIgniter\Router\RouteCollection))
 5 SYSTEMPATH\CodeIgniter.php(349): CodeIgniter\CodeIgniter->handleRequest(null, Object(Config\Cache), false)
 6 FCPATH\index.php(67): CodeIgniter\CodeIgniter->run()
CRITICAL - 2023-02-12 21:45:14 --> syntax error, unexpected token "}"
in APPPATH\Controllers\Auth.php on line 44.
 1 SYSTEMPATH\Router\Router.php(499): CodeIgniter\Router\AutoRouter->getRoute('auth/login')
 2 SYSTEMPATH\Router\Router.php(205): CodeIgniter\Router\Router->autoRoute('auth/login')
 3 SYSTEMPATH\CodeIgniter.php(800): CodeIgniter\Router\Router->handle('auth/login')
 4 SYSTEMPATH\CodeIgniter.php(428): CodeIgniter\CodeIgniter->tryToRouteIt(Object(CodeIgniter\Router\RouteCollection))
 5 SYSTEMPATH\CodeIgniter.php(349): CodeIgniter\CodeIgniter->handleRequest(null, Object(Config\Cache), false)
 6 FCPATH\index.php(67): CodeIgniter\CodeIgniter->run()
CRITICAL - 2023-02-12 21:45:15 --> syntax error, unexpected token "}"
in APPPATH\Controllers\Auth.php on line 44.
 1 SYSTEMPATH\Router\Router.php(499): CodeIgniter\Router\AutoRouter->getRoute('auth/login')
 2 SYSTEMPATH\Router\Router.php(205): CodeIgniter\Router\Router->autoRoute('auth/login')
 3 SYSTEMPATH\CodeIgniter.php(800): CodeIgniter\Router\Router->handle('auth/login')
 4 SYSTEMPATH\CodeIgniter.php(428): CodeIgniter\CodeIgniter->tryToRouteIt(Object(CodeIgniter\Router\RouteCollection))
 5 SYSTEMPATH\CodeIgniter.php(349): CodeIgniter\CodeIgniter->handleRequest(null, Object(Config\Cache), false)
 6 FCPATH\index.php(67): CodeIgniter\CodeIgniter->run()
CRITICAL - 2023-02-12 21:48:06 --> Call to a member function hasError() on string
in APPPATH\Views\page\register.php on line 5.
 1 SYSTEMPATH\View\View.php(213): include()
 2 SYSTEMPATH\View\View.php(216): CodeIgniter\View\View->CodeIgniter\View\{closure}()
 3 SYSTEMPATH\Common.php(1135): CodeIgniter\View\View->render('page/register', [], true)
 4 APPPATH\Controllers\Auth.php(32): view('page/register', [...])
 5 SYSTEMPATH\CodeIgniter.php(925): App\Controllers\Auth->register()
 6 SYSTEMPATH\CodeIgniter.php(480): CodeIgniter\CodeIgniter->runController(Object(App\Controllers\Auth))
 7 SYSTEMPATH\CodeIgniter.php(349): CodeIgniter\CodeIgniter->handleRequest(null, Object(Config\Cache), false)
 8 FCPATH\index.php(67): CodeIgniter\CodeIgniter->run()
CRITICAL - 2023-02-12 21:49:17 --> Call to a member function getError() on string
in APPPATH\Views\page\register.php on line 5.
 1 SYSTEMPATH\View\View.php(213): include()
 2 SYSTEMPATH\View\View.php(216): CodeIgniter\View\View->CodeIgniter\View\{closure}()
 3 SYSTEMPATH\Common.php(1135): CodeIgniter\View\View->render('page/register', [], true)
 4 APPPATH\Controllers\Auth.php(32): view('page/register', [...])
 5 SYSTEMPATH\CodeIgniter.php(925): App\Controllers\Auth->register()
 6 SYSTEMPATH\CodeIgniter.php(480): CodeIgniter\CodeIgniter->runController(Object(App\Controllers\Auth))
 7 SYSTEMPATH\CodeIgniter.php(349): CodeIgniter\CodeIgniter->handleRequest(null, Object(Config\Cache), false)
 8 FCPATH\index.php(67): CodeIgniter\CodeIgniter->run()
CRITICAL - 2023-02-12 21:49:18 --> Call to a member function getError() on string
in APPPATH\Views\page\register.php on line 5.
 1 SYSTEMPATH\View\View.php(213): include()
 2 SYSTEMPATH\View\View.php(216): CodeIgniter\View\View->CodeIgniter\View\{closure}()
 3 SYSTEMPATH\Common.php(1135): CodeIgniter\View\View->render('page/register', [], true)
 4 APPPATH\Controllers\Auth.php(32): view('page/register', [...])
 5 SYSTEMPATH\CodeIgniter.php(925): App\Controllers\Auth->register()
 6 SYSTEMPATH\CodeIgniter.php(480): CodeIgniter\CodeIgniter->runController(Object(App\Controllers\Auth))
 7 SYSTEMPATH\CodeIgniter.php(349): CodeIgniter\CodeIgniter->handleRequest(null, Object(Config\Cache), false)
 8 FCPATH\index.php(67): CodeIgniter\CodeIgniter->run()
CRITICAL - 2023-02-12 21:49:18 --> Call to a member function getError() on string
in APPPATH\Views\page\register.php on line 5.
 1 SYSTEMPATH\View\View.php(213): include()
 2 SYSTEMPATH\View\View.php(216): CodeIgniter\View\View->CodeIgniter\View\{closure}()
 3 SYSTEMPATH\Common.php(1135): CodeIgniter\View\View->render('page/register', [], true)
 4 APPPATH\Controllers\Auth.php(32): view('page/register', [...])
 5 SYSTEMPATH\CodeIgniter.php(925): App\Controllers\Auth->register()
 6 SYSTEMPATH\CodeIgniter.php(480): CodeIgniter\CodeIgniter->runController(Object(App\Controllers\Auth))
 7 SYSTEMPATH\CodeIgniter.php(349): CodeIgniter\CodeIgniter->handleRequest(null, Object(Config\Cache), false)
 8 FCPATH\index.php(67): CodeIgniter\CodeIgniter->run()
CRITICAL - 2023-02-12 21:49:18 --> Call to a member function getError() on string
in APPPATH\Views\page\register.php on line 5.
 1 SYSTEMPATH\View\View.php(213): include()
 2 SYSTEMPATH\View\View.php(216): CodeIgniter\View\View->CodeIgniter\View\{closure}()
 3 SYSTEMPATH\Common.php(1135): CodeIgniter\View\View->render('page/register', [], true)
 4 APPPATH\Controllers\Auth.php(32): view('page/register', [...])
 5 SYSTEMPATH\CodeIgniter.php(925): App\Controllers\Auth->register()
 6 SYSTEMPATH\CodeIgniter.php(480): CodeIgniter\CodeIgniter->runController(Object(App\Controllers\Auth))
 7 SYSTEMPATH\CodeIgniter.php(349): CodeIgniter\CodeIgniter->handleRequest(null, Object(Config\Cache), false)
 8 FCPATH\index.php(67): CodeIgniter\CodeIgniter->run()
CRITICAL - 2023-02-12 21:53:39 --> Undefined variable $from
in APPPATH\Controllers\Auth.php on line 35.
 1 APPPATH\Controllers\Auth.php(35): CodeIgniter\Debug\Exceptions->errorHandler(2, 'Undefined variable $from', 'APPPATH\\Controllers\\Auth.php', 35)
 2 SYSTEMPATH\CodeIgniter.php(925): App\Controllers\Auth->register()
 3 SYSTEMPATH\CodeIgniter.php(480): CodeIgniter\CodeIgniter->runController(Object(App\Controllers\Auth))
 4 SYSTEMPATH\CodeIgniter.php(349): CodeIgniter\CodeIgniter->handleRequest(null, Object(Config\Cache), false)
 5 FCPATH\index.php(67): CodeIgniter\CodeIgniter->run()
CRITICAL - 2023-02-12 22:03:08 --> Undefined array key "password"
in APPPATH\Controllers\Auth.php on line 26.
 1 APPPATH\Controllers\Auth.php(26): CodeIgniter\Debug\Exceptions->errorHandler(2, 'Undefined array key "password"', 'APPPATH\\Controllers\\Auth.php', 26)
 2 SYSTEMPATH\CodeIgniter.php(925): App\Controllers\Auth->login()
 3 SYSTEMPATH\CodeIgniter.php(480): CodeIgniter\CodeIgniter->runController(Object(App\Controllers\Auth))
 4 SYSTEMPATH\CodeIgniter.php(349): CodeIgniter\CodeIgniter->handleRequest(null, Object(Config\Cache), false)
 5 FCPATH\index.php(67): CodeIgniter\CodeIgniter->run()
CRITICAL - 2023-02-12 22:12:45 --> Undefined variable $title
in APPPATH\Views\template\dashboard-tmp.php on line 7.
 1 APPPATH\Views\template\dashboard-tmp.php(7): CodeIgniter\Debug\Exceptions->errorHandler(2, 'Undefined variable $title', 'APPPATH\\Views\\template\\dashboard-tmp.php', 7)
 2 SYSTEMPATH\View\View.php(213): include('APPPATH\\Views\\template\\dashboard-tmp.php')
 3 SYSTEMPATH\View\View.php(216): CodeIgniter\View\View->CodeIgniter\View\{closure}()
 4 SYSTEMPATH\View\View.php(229): CodeIgniter\View\View->render('template/dashboard-tmp.php', [], true)
 5 SYSTEMPATH\Common.php(1135): CodeIgniter\View\View->render('dashboard/anggota/home', [], true)
 6 APPPATH\Controllers\Dashboard\Anggota\Home.php(9): view('dashboard/anggota/home')
 7 SYSTEMPATH\CodeIgniter.php(925): App\Controllers\Dashboard\Anggota\Home->index()
 8 SYSTEMPATH\CodeIgniter.php(480): CodeIgniter\CodeIgniter->runController(Object(App\Controllers\Dashboard\Anggota\Home))
 9 SYSTEMPATH\CodeIgniter.php(349): CodeIgniter\CodeIgniter->handleRequest(null, Object(Config\Cache), false)
10 FCPATH\index.php(67): CodeIgniter\CodeIgniter->run()
CRITICAL - 2023-02-12 22:13:13 --> Undefined variable $title
in APPPATH\Views\template\dashboard-tmp.php on line 7.
 1 APPPATH\Views\template\dashboard-tmp.php(7): CodeIgniter\Debug\Exceptions->errorHandler(2, 'Undefined variable $title', 'APPPATH\\Views\\template\\dashboard-tmp.php', 7)
 2 SYSTEMPATH\View\View.php(213): include('APPPATH\\Views\\template\\dashboard-tmp.php')
 3 SYSTEMPATH\View\View.php(216): CodeIgniter\View\View->CodeIgniter\View\{closure}()
 4 SYSTEMPATH\View\View.php(229): CodeIgniter\View\View->render('template/dashboard-tmp.php', [], true)
 5 SYSTEMPATH\Common.php(1135): CodeIgniter\View\View->render('dashboard/anggota/home', [], true)
 6 APPPATH\Controllers\Dashboard\Anggota\Home.php(9): view('dashboard/anggota/home')
 7 SYSTEMPATH\CodeIgniter.php(925): App\Controllers\Dashboard\Anggota\Home->index()
 8 SYSTEMPATH\CodeIgniter.php(480): CodeIgniter\CodeIgniter->runController(Object(App\Controllers\Dashboard\Anggota\Home))
 9 SYSTEMPATH\CodeIgniter.php(349): CodeIgniter\CodeIgniter->handleRequest(null, Object(Config\Cache), false)
10 FCPATH\index.php(67): CodeIgniter\CodeIgniter->run()
CRITICAL - 2023-02-12 22:13:17 --> Undefined variable $app
in APPPATH\Views\essential\sidebar.php on line 136.
 1 APPPATH\Views\essential\sidebar.php(136): CodeIgniter\Debug\Exceptions->errorHandler(2, 'Undefined variable $app', 'APPPATH\\Views\\essential\\sidebar.php', 136)
 2 SYSTEMPATH\View\View.php(213): include('APPPATH\\Views\\essential\\sidebar.php')
 3 SYSTEMPATH\View\View.php(216): CodeIgniter\View\View->CodeIgniter\View\{closure}()
 4 SYSTEMPATH\View\View.php(431): CodeIgniter\View\View->render('essential/sidebar', null, true)
 5 APPPATH\Views\template\dashboard-tmp.php(36): CodeIgniter\View\View->include('essential/sidebar')
 6 SYSTEMPATH\View\View.php(213): include('APPPATH\\Views\\template\\dashboard-tmp.php')
 7 SYSTEMPATH\View\View.php(216): CodeIgniter\View\View->CodeIgniter\View\{closure}()
 8 SYSTEMPATH\View\View.php(229): CodeIgniter\View\View->render('template/dashboard-tmp.php', [], true)
 9 SYSTEMPATH\Common.php(1135): CodeIgniter\View\View->render('dashboard/anggota/home', [], true)
10 APPPATH\Controllers\Dashboard\Anggota\Home.php(14): view('dashboard/anggota/home', [...])
11 SYSTEMPATH\CodeIgniter.php(925): App\Controllers\Dashboard\Anggota\Home->index()
12 SYSTEMPATH\CodeIgniter.php(480): CodeIgniter\CodeIgniter->runController(Object(App\Controllers\Dashboard\Anggota\Home))
13 SYSTEMPATH\CodeIgniter.php(349): CodeIgniter\CodeIgniter->handleRequest(null, Object(Config\Cache), false)
14 FCPATH\index.php(67): CodeIgniter\CodeIgniter->run()
CRITICAL - 2023-02-12 22:15:29 --> Trying to access array offset on value of type null
in APPPATH\Views\essential\sidebar.php on line 136.
 1 APPPATH\Views\essential\sidebar.php(136): CodeIgniter\Debug\Exceptions->errorHandler(2, 'Trying to access array offset on value of type null', 'APPPATH\\Views\\essential\\sidebar.php', 136)
 2 SYSTEMPATH\View\View.php(213): include('APPPATH\\Views\\essential\\sidebar.php')
 3 SYSTEMPATH\View\View.php(216): CodeIgniter\View\View->CodeIgniter\View\{closure}()
 4 SYSTEMPATH\View\View.php(431): CodeIgniter\View\View->render('essential/sidebar', null, true)
 5 APPPATH\Views\template\dashboard-tmp.php(36): CodeIgniter\View\View->include('essential/sidebar')
 6 SYSTEMPATH\View\View.php(213): include('APPPATH\\Views\\template\\dashboard-tmp.php')
 7 SYSTEMPATH\View\View.php(216): CodeIgniter\View\View->CodeIgniter\View\{closure}()
 8 SYSTEMPATH\View\View.php(229): CodeIgniter\View\View->render('template/dashboard-tmp.php', [], true)
 9 SYSTEMPATH\Common.php(1135): CodeIgniter\View\View->render('dashboard/anggota/home', [], true)
10 APPPATH\Controllers\Dashboard\Anggota\Home.php(14): view('dashboard/anggota/home', [...])
11 SYSTEMPATH\CodeIgniter.php(925): App\Controllers\Dashboard\Anggota\Home->index()
12 SYSTEMPATH\CodeIgniter.php(480): CodeIgniter\CodeIgniter->runController(Object(App\Controllers\Dashboard\Anggota\Home))
13 SYSTEMPATH\CodeIgniter.php(349): CodeIgniter\CodeIgniter->handleRequest(null, Object(Config\Cache), false)
14 FCPATH\index.php(67): CodeIgniter\CodeIgniter->run()
CRITICAL - 2023-02-12 22:16:26 --> Undefined variable $user_login
in APPPATH\Views\essential\sidebar.php on line 140.
 1 APPPATH\Views\essential\sidebar.php(140): CodeIgniter\Debug\Exceptions->errorHandler(2, 'Undefined variable $user_login', 'APPPATH\\Views\\essential\\sidebar.php', 140)
 2 SYSTEMPATH\View\View.php(213): include('APPPATH\\Views\\essential\\sidebar.php')
 3 SYSTEMPATH\View\View.php(216): CodeIgniter\View\View->CodeIgniter\View\{closure}()
 4 SYSTEMPATH\View\View.php(431): CodeIgniter\View\View->render('essential/sidebar', null, true)
 5 APPPATH\Views\template\dashboard-tmp.php(36): CodeIgniter\View\View->include('essential/sidebar')
 6 SYSTEMPATH\View\View.php(213): include('APPPATH\\Views\\template\\dashboard-tmp.php')
 7 SYSTEMPATH\View\View.php(216): CodeIgniter\View\View->CodeIgniter\View\{closure}()
 8 SYSTEMPATH\View\View.php(229): CodeIgniter\View\View->render('template/dashboard-tmp.php', [], true)
 9 SYSTEMPATH\Common.php(1135): CodeIgniter\View\View->render('dashboard/anggota/home', [], true)
10 APPPATH\Controllers\Dashboard\Anggota\Home.php(14): view('dashboard/anggota/home', [...])
11 SYSTEMPATH\CodeIgniter.php(925): App\Controllers\Dashboard\Anggota\Home->index()
12 SYSTEMPATH\CodeIgniter.php(480): CodeIgniter\CodeIgniter->runController(Object(App\Controllers\Dashboard\Anggota\Home))
13 SYSTEMPATH\CodeIgniter.php(349): CodeIgniter\CodeIgniter->handleRequest(null, Object(Config\Cache), false)
14 FCPATH\index.php(67): CodeIgniter\CodeIgniter->run()
CRITICAL - 2023-02-12 22:16:53 --> Undefined array key "img"
in APPPATH\Views\essential\sidebar.php on line 140.
 1 APPPATH\Views\essential\sidebar.php(140): CodeIgniter\Debug\Exceptions->errorHandler(2, 'Undefined array key "img"', 'APPPATH\\Views\\essential\\sidebar.php', 140)
 2 SYSTEMPATH\View\View.php(213): include('APPPATH\\Views\\essential\\sidebar.php')
 3 SYSTEMPATH\View\View.php(216): CodeIgniter\View\View->CodeIgniter\View\{closure}()
 4 SYSTEMPATH\View\View.php(431): CodeIgniter\View\View->render('essential/sidebar', null, true)
 5 APPPATH\Views\template\dashboard-tmp.php(36): CodeIgniter\View\View->include('essential/sidebar')
 6 SYSTEMPATH\View\View.php(213): include('APPPATH\\Views\\template\\dashboard-tmp.php')
 7 SYSTEMPATH\View\View.php(216): CodeIgniter\View\View->CodeIgniter\View\{closure}()
 8 SYSTEMPATH\View\View.php(229): CodeIgniter\View\View->render('template/dashboard-tmp.php', [], true)
 9 SYSTEMPATH\Common.php(1135): CodeIgniter\View\View->render('dashboard/anggota/home', [], true)
10 APPPATH\Controllers\Dashboard\Anggota\Home.php(15): view('dashboard/anggota/home', [...])
11 SYSTEMPATH\CodeIgniter.php(925): App\Controllers\Dashboard\Anggota\Home->index()
12 SYSTEMPATH\CodeIgniter.php(480): CodeIgniter\CodeIgniter->runController(Object(App\Controllers\Dashboard\Anggota\Home))
13 SYSTEMPATH\CodeIgniter.php(349): CodeIgniter\CodeIgniter->handleRequest(null, Object(Config\Cache), false)
14 FCPATH\index.php(67): CodeIgniter\CodeIgniter->run()
CRITICAL - 2023-02-12 22:17:49 --> Undefined variable $message_count
in APPPATH\Views\essential\sidebar.php on line 176.
 1 APPPATH\Views\essential\sidebar.php(176): CodeIgniter\Debug\Exceptions->errorHandler(2, 'Undefined variable $message_count', 'APPPATH\\Views\\essential\\sidebar.php', 176)
 2 SYSTEMPATH\View\View.php(213): include('APPPATH\\Views\\essential\\sidebar.php')
 3 SYSTEMPATH\View\View.php(216): CodeIgniter\View\View->CodeIgniter\View\{closure}()
 4 SYSTEMPATH\View\View.php(431): CodeIgniter\View\View->render('essential/sidebar', null, true)
 5 APPPATH\Views\template\dashboard-tmp.php(36): CodeIgniter\View\View->include('essential/sidebar')
 6 SYSTEMPATH\View\View.php(213): include('APPPATH\\Views\\template\\dashboard-tmp.php')
 7 SYSTEMPATH\View\View.php(216): CodeIgniter\View\View->CodeIgniter\View\{closure}()
 8 SYSTEMPATH\View\View.php(229): CodeIgniter\View\View->render('template/dashboard-tmp.php', [], true)
 9 SYSTEMPATH\Common.php(1135): CodeIgniter\View\View->render('dashboard/anggota/home', [], true)
10 APPPATH\Controllers\Dashboard\Anggota\Home.php(15): view('dashboard/anggota/home', [...])
11 SYSTEMPATH\CodeIgniter.php(925): App\Controllers\Dashboard\Anggota\Home->index()
12 SYSTEMPATH\CodeIgniter.php(480): CodeIgniter\CodeIgniter->runController(Object(App\Controllers\Dashboard\Anggota\Home))
13 SYSTEMPATH\CodeIgniter.php(349): CodeIgniter\CodeIgniter->handleRequest(null, Object(Config\Cache), false)
14 FCPATH\index.php(67): CodeIgniter\CodeIgniter->run()
CRITICAL - 2023-02-12 22:19:13 --> Call to a member function where() on array
in APPPATH\Controllers\BaseController.php on line 72.
 1 SYSTEMPATH\CodeIgniter.php(888): App\Controllers\BaseController->initController(Object(CodeIgniter\HTTP\IncomingRequest), Object(CodeIgniter\HTTP\Response), Object(CodeIgniter\Log\Logger))
 2 SYSTEMPATH\CodeIgniter.php(471): CodeIgniter\CodeIgniter->createController()
 3 SYSTEMPATH\CodeIgniter.php(349): CodeIgniter\CodeIgniter->handleRequest(null, Object(Config\Cache), false)
 4 FCPATH\index.php(67): CodeIgniter\CodeIgniter->run()
CRITICAL - 2023-02-12 22:21:08 --> Undefined variable $title
in APPPATH\Views\template\dashboard-tmp.php on line 7.
 1 APPPATH\Views\template\dashboard-tmp.php(7): CodeIgniter\Debug\Exceptions->errorHandler(2, 'Undefined variable $title', 'APPPATH\\Views\\template\\dashboard-tmp.php', 7)
 2 SYSTEMPATH\View\View.php(213): include('APPPATH\\Views\\template\\dashboard-tmp.php')
 3 SYSTEMPATH\View\View.php(216): CodeIgniter\View\View->CodeIgniter\View\{closure}()
 4 SYSTEMPATH\View\View.php(229): CodeIgniter\View\View->render('template/dashboard-tmp.php', [], true)
 5 SYSTEMPATH\Common.php(1135): CodeIgniter\View\View->render('dashboard/anggota/home', [], true)
 6 APPPATH\Controllers\Dashboard\Anggota\Home.php(15): view('dashboard/anggota/home', [...])
 7 SYSTEMPATH\CodeIgniter.php(925): App\Controllers\Dashboard\Anggota\Home->index()
 8 SYSTEMPATH\CodeIgniter.php(480): CodeIgniter\CodeIgniter->runController(Object(App\Controllers\Dashboard\Anggota\Home))
 9 SYSTEMPATH\CodeIgniter.php(349): CodeIgniter\CodeIgniter->handleRequest(null, Object(Config\Cache), false)
10 FCPATH\index.php(67): CodeIgniter\CodeIgniter->run()
CRITICAL - 2023-02-12 22:21:19 --> Undefined variable $title
in APPPATH\Views\template\dashboard-tmp.php on line 7.
 1 APPPATH\Views\template\dashboard-tmp.php(7): CodeIgniter\Debug\Exceptions->errorHandler(2, 'Undefined variable $title', 'APPPATH\\Views\\template\\dashboard-tmp.php', 7)
 2 SYSTEMPATH\View\View.php(213): include('APPPATH\\Views\\template\\dashboard-tmp.php')
 3 SYSTEMPATH\View\View.php(216): CodeIgniter\View\View->CodeIgniter\View\{closure}()
 4 SYSTEMPATH\View\View.php(229): CodeIgniter\View\View->render('template/dashboard-tmp.php', [], true)
 5 SYSTEMPATH\Common.php(1135): CodeIgniter\View\View->render('dashboard/anggota/home', [], true)
 6 APPPATH\Controllers\Dashboard\Anggota\Home.php(15): view('dashboard/anggota/home', [...])
 7 SYSTEMPATH\CodeIgniter.php(925): App\Controllers\Dashboard\Anggota\Home->index()
 8 SYSTEMPATH\CodeIgniter.php(480): CodeIgniter\CodeIgniter->runController(Object(App\Controllers\Dashboard\Anggota\Home))
 9 SYSTEMPATH\CodeIgniter.php(349): CodeIgniter\CodeIgniter->handleRequest(null, Object(Config\Cache), false)
10 FCPATH\index.php(67): CodeIgniter\CodeIgniter->run()
CRITICAL - 2023-02-12 22:21:20 --> Undefined variable $title
in APPPATH\Views\template\dashboard-tmp.php on line 7.
 1 APPPATH\Views\template\dashboard-tmp.php(7): CodeIgniter\Debug\Exceptions->errorHandler(2, 'Undefined variable $title', 'APPPATH\\Views\\template\\dashboard-tmp.php', 7)
 2 SYSTEMPATH\View\View.php(213): include('APPPATH\\Views\\template\\dashboard-tmp.php')
 3 SYSTEMPATH\View\View.php(216): CodeIgniter\View\View->CodeIgniter\View\{closure}()
 4 SYSTEMPATH\View\View.php(229): CodeIgniter\View\View->render('template/dashboard-tmp.php', [], true)
 5 SYSTEMPATH\Common.php(1135): CodeIgniter\View\View->render('dashboard/anggota/home', [], true)
 6 APPPATH\Controllers\Dashboard\Anggota\Home.php(15): view('dashboard/anggota/home', [...])
 7 SYSTEMPATH\CodeIgniter.php(925): App\Controllers\Dashboard\Anggota\Home->index()
 8 SYSTEMPATH\CodeIgniter.php(480): CodeIgniter\CodeIgniter->runController(Object(App\Controllers\Dashboard\Anggota\Home))
 9 SYSTEMPATH\CodeIgniter.php(349): CodeIgniter\CodeIgniter->handleRequest(null, Object(Config\Cache), false)
10 FCPATH\index.php(67): CodeIgniter\CodeIgniter->run()
CRITICAL - 2023-02-12 22:22:54 --> Undefined variable $title
in APPPATH\Views\template\dashboard-tmp.php on line 7.
 1 APPPATH\Views\template\dashboard-tmp.php(7): CodeIgniter\Debug\Exceptions->errorHandler(2, 'Undefined variable $title', 'APPPATH\\Views\\template\\dashboard-tmp.php', 7)
 2 SYSTEMPATH\View\View.php(213): include('APPPATH\\Views\\template\\dashboard-tmp.php')
 3 SYSTEMPATH\View\View.php(216): CodeIgniter\View\View->CodeIgniter\View\{closure}()
 4 SYSTEMPATH\View\View.php(229): CodeIgniter\View\View->render('template/dashboard-tmp.php', [], true)
 5 SYSTEMPATH\Common.php(1135): CodeIgniter\View\View->render('dashboard/anggota/home', [], true)
 6 APPPATH\Controllers\Dashboard\Anggota\Home.php(16): view('dashboard/anggota/home', [...])
 7 SYSTEMPATH\CodeIgniter.php(925): App\Controllers\Dashboard\Anggota\Home->index()
 8 SYSTEMPATH\CodeIgniter.php(480): CodeIgniter\CodeIgniter->runController(Object(App\Controllers\Dashboard\Anggota\Home))
 9 SYSTEMPATH\CodeIgniter.php(349): CodeIgniter\CodeIgniter->handleRequest(null, Object(Config\Cache), false)
10 FCPATH\index.php(67): CodeIgniter\CodeIgniter->run()
CRITICAL - 2023-02-12 22:23:24 --> Undefined variable $title
in APPPATH\Views\template\dashboard-tmp.php on line 7.
 1 APPPATH\Views\template\dashboard-tmp.php(7): CodeIgniter\Debug\Exceptions->errorHandler(2, 'Undefined variable $title', 'APPPATH\\Views\\template\\dashboard-tmp.php', 7)
 2 SYSTEMPATH\View\View.php(213): include('APPPATH\\Views\\template\\dashboard-tmp.php')
 3 SYSTEMPATH\View\View.php(216): CodeIgniter\View\View->CodeIgniter\View\{closure}()
 4 SYSTEMPATH\View\View.php(229): CodeIgniter\View\View->render('template/dashboard-tmp.php', [], true)
 5 SYSTEMPATH\Common.php(1135): CodeIgniter\View\View->render('dashboard/anggota/home', [], true)
 6 APPPATH\Controllers\Dashboard\Anggota\Home.php(16): view('dashboard/anggota/home', [...])
 7 SYSTEMPATH\CodeIgniter.php(925): App\Controllers\Dashboard\Anggota\Home->index()
 8 SYSTEMPATH\CodeIgniter.php(480): CodeIgniter\CodeIgniter->runController(Object(App\Controllers\Dashboard\Anggota\Home))
 9 SYSTEMPATH\CodeIgniter.php(349): CodeIgniter\CodeIgniter->handleRequest(null, Object(Config\Cache), false)
10 FCPATH\index.php(67): CodeIgniter\CodeIgniter->run()
CRITICAL - 2023-02-12 22:23:25 --> Undefined variable $title
in APPPATH\Views\template\dashboard-tmp.php on line 7.
 1 APPPATH\Views\template\dashboard-tmp.php(7): CodeIgniter\Debug\Exceptions->errorHandler(2, 'Undefined variable $title', 'APPPATH\\Views\\template\\dashboard-tmp.php', 7)
 2 SYSTEMPATH\View\View.php(213): include('APPPATH\\Views\\template\\dashboard-tmp.php')
 3 SYSTEMPATH\View\View.php(216): CodeIgniter\View\View->CodeIgniter\View\{closure}()
 4 SYSTEMPATH\View\View.php(229): CodeIgniter\View\View->render('template/dashboard-tmp.php', [], true)
 5 SYSTEMPATH\Common.php(1135): CodeIgniter\View\View->render('dashboard/anggota/home', [], true)
 6 APPPATH\Controllers\Dashboard\Anggota\Home.php(16): view('dashboard/anggota/home', [...])
 7 SYSTEMPATH\CodeIgniter.php(925): App\Controllers\Dashboard\Anggota\Home->index()
 8 SYSTEMPATH\CodeIgniter.php(480): CodeIgniter\CodeIgniter->runController(Object(App\Controllers\Dashboard\Anggota\Home))
 9 SYSTEMPATH\CodeIgniter.php(349): CodeIgniter\CodeIgniter->handleRequest(null, Object(Config\Cache), false)
10 FCPATH\index.php(67): CodeIgniter\CodeIgniter->run()
CRITICAL - 2023-02-12 22:23:25 --> Undefined variable $title
in APPPATH\Views\template\dashboard-tmp.php on line 7.
 1 APPPATH\Views\template\dashboard-tmp.php(7): CodeIgniter\Debug\Exceptions->errorHandler(2, 'Undefined variable $title', 'APPPATH\\Views\\template\\dashboard-tmp.php', 7)
 2 SYSTEMPATH\View\View.php(213): include('APPPATH\\Views\\template\\dashboard-tmp.php')
 3 SYSTEMPATH\View\View.php(216): CodeIgniter\View\View->CodeIgniter\View\{closure}()
 4 SYSTEMPATH\View\View.php(229): CodeIgniter\View\View->render('template/dashboard-tmp.php', [], true)
 5 SYSTEMPATH\Common.php(1135): CodeIgniter\View\View->render('dashboard/anggota/home', [], true)
 6 APPPATH\Controllers\Dashboard\Anggota\Home.php(16): view('dashboard/anggota/home', [...])
 7 SYSTEMPATH\CodeIgniter.php(925): App\Controllers\Dashboard\Anggota\Home->index()
 8 SYSTEMPATH\CodeIgniter.php(480): CodeIgniter\CodeIgniter->runController(Object(App\Controllers\Dashboard\Anggota\Home))
 9 SYSTEMPATH\CodeIgniter.php(349): CodeIgniter\CodeIgniter->handleRequest(null, Object(Config\Cache), false)
10 FCPATH\index.php(67): CodeIgniter\CodeIgniter->run()
CRITICAL - 2023-02-12 22:23:46 --> Undefined variable $title
in APPPATH\Views\template\dashboard-tmp.php on line 7.
 1 APPPATH\Views\template\dashboard-tmp.php(7): CodeIgniter\Debug\Exceptions->errorHandler(2, 'Undefined variable $title', 'APPPATH\\Views\\template\\dashboard-tmp.php', 7)
 2 SYSTEMPATH\View\View.php(213): include('APPPATH\\Views\\template\\dashboard-tmp.php')
 3 SYSTEMPATH\View\View.php(216): CodeIgniter\View\View->CodeIgniter\View\{closure}()
 4 SYSTEMPATH\View\View.php(229): CodeIgniter\View\View->render('template/dashboard-tmp.php', [], true)
 5 SYSTEMPATH\Common.php(1135): CodeIgniter\View\View->render('dashboard/anggota/home', [], true)
 6 APPPATH\Controllers\Dashboard\Anggota\Home.php(16): view('dashboard/anggota/home', [...])
 7 SYSTEMPATH\CodeIgniter.php(925): App\Controllers\Dashboard\Anggota\Home->index()
 8 SYSTEMPATH\CodeIgniter.php(480): CodeIgniter\CodeIgniter->runController(Object(App\Controllers\Dashboard\Anggota\Home))
 9 SYSTEMPATH\CodeIgniter.php(349): CodeIgniter\CodeIgniter->handleRequest(null, Object(Config\Cache), false)
10 FCPATH\index.php(67): CodeIgniter\CodeIgniter->run()
CRITICAL - 2023-02-12 22:23:47 --> Undefined variable $title
in APPPATH\Views\template\dashboard-tmp.php on line 7.
 1 APPPATH\Views\template\dashboard-tmp.php(7): CodeIgniter\Debug\Exceptions->errorHandler(2, 'Undefined variable $title', 'APPPATH\\Views\\template\\dashboard-tmp.php', 7)
 2 SYSTEMPATH\View\View.php(213): include('APPPATH\\Views\\template\\dashboard-tmp.php')
 3 SYSTEMPATH\View\View.php(216): CodeIgniter\View\View->CodeIgniter\View\{closure}()
 4 SYSTEMPATH\View\View.php(229): CodeIgniter\View\View->render('template/dashboard-tmp.php', [], true)
 5 SYSTEMPATH\Common.php(1135): CodeIgniter\View\View->render('dashboard/anggota/home', [], true)
 6 APPPATH\Controllers\Dashboard\Anggota\Home.php(16): view('dashboard/anggota/home', [...])
 7 SYSTEMPATH\CodeIgniter.php(925): App\Controllers\Dashboard\Anggota\Home->index()
 8 SYSTEMPATH\CodeIgniter.php(480): CodeIgniter\CodeIgniter->runController(Object(App\Controllers\Dashboard\Anggota\Home))
 9 SYSTEMPATH\CodeIgniter.php(349): CodeIgniter\CodeIgniter->handleRequest(null, Object(Config\Cache), false)
10 FCPATH\index.php(67): CodeIgniter\CodeIgniter->run()
CRITICAL - 2023-02-12 22:23:47 --> Undefined variable $title
in APPPATH\Views\template\dashboard-tmp.php on line 7.
 1 APPPATH\Views\template\dashboard-tmp.php(7): CodeIgniter\Debug\Exceptions->errorHandler(2, 'Undefined variable $title', 'APPPATH\\Views\\template\\dashboard-tmp.php', 7)
 2 SYSTEMPATH\View\View.php(213): include('APPPATH\\Views\\template\\dashboard-tmp.php')
 3 SYSTEMPATH\View\View.php(216): CodeIgniter\View\View->CodeIgniter\View\{closure}()
 4 SYSTEMPATH\View\View.php(229): CodeIgniter\View\View->render('template/dashboard-tmp.php', [], true)
 5 SYSTEMPATH\Common.php(1135): CodeIgniter\View\View->render('dashboard/anggota/home', [], true)
 6 APPPATH\Controllers\Dashboard\Anggota\Home.php(16): view('dashboard/anggota/home', [...])
 7 SYSTEMPATH\CodeIgniter.php(925): App\Controllers\Dashboard\Anggota\Home->index()
 8 SYSTEMPATH\CodeIgniter.php(480): CodeIgniter\CodeIgniter->runController(Object(App\Controllers\Dashboard\Anggota\Home))
 9 SYSTEMPATH\CodeIgniter.php(349): CodeIgniter\CodeIgniter->handleRequest(null, Object(Config\Cache), false)
10 FCPATH\index.php(67): CodeIgniter\CodeIgniter->run()
CRITICAL - 2023-02-12 22:24:17 --> Undefined variable $data
in APPPATH\Views\template\dashboard-tmp.php on line 1.
 1 APPPATH\Views\template\dashboard-tmp.php(1): CodeIgniter\Debug\Exceptions->errorHandler(2, 'Undefined variable $data', 'APPPATH\\Views\\template\\dashboard-tmp.php', 1)
 2 SYSTEMPATH\View\View.php(213): include('APPPATH\\Views\\template\\dashboard-tmp.php')
 3 SYSTEMPATH\View\View.php(216): CodeIgniter\View\View->CodeIgniter\View\{closure}()
 4 SYSTEMPATH\View\View.php(229): CodeIgniter\View\View->render('template/dashboard-tmp.php', [], true)
 5 SYSTEMPATH\Common.php(1135): CodeIgniter\View\View->render('dashboard/anggota/home', [], true)
 6 APPPATH\Controllers\Dashboard\Anggota\Home.php(16): view('dashboard/anggota/home', [...])
 7 SYSTEMPATH\CodeIgniter.php(925): App\Controllers\Dashboard\Anggota\Home->index()
 8 SYSTEMPATH\CodeIgniter.php(480): CodeIgniter\CodeIgniter->runController(Object(App\Controllers\Dashboard\Anggota\Home))
 9 SYSTEMPATH\CodeIgniter.php(349): CodeIgniter\CodeIgniter->handleRequest(null, Object(Config\Cache), false)
10 FCPATH\index.php(67): CodeIgniter\CodeIgniter->run()
CRITICAL - 2023-02-12 22:25:28 --> Illegal offset type
in APPPATH\Controllers\Dashboard\Anggota\Home.php on line 16.
 1 SYSTEMPATH\CodeIgniter.php(925): App\Controllers\Dashboard\Anggota\Home->index()
 2 SYSTEMPATH\CodeIgniter.php(480): CodeIgniter\CodeIgniter->runController(Object(App\Controllers\Dashboard\Anggota\Home))
 3 SYSTEMPATH\CodeIgniter.php(349): CodeIgniter\CodeIgniter->handleRequest(null, Object(Config\Cache), false)
 4 FCPATH\index.php(67): CodeIgniter\CodeIgniter->run()
CRITICAL - 2023-02-12 22:51:17 --> Undefined variable $genres
in APPPATH\Views\dashboard\anggota\catalog.php on line 36.
 1 APPPATH\Views\dashboard\anggota\catalog.php(36): CodeIgniter\Debug\Exceptions->errorHandler(2, 'Undefined variable $genres', 'APPPATH\\Views\\dashboard\\anggota\\catalog.php', 36)
 2 SYSTEMPATH\View\View.php(213): include('APPPATH\\Views\\dashboard\\anggota\\catalog.php')
 3 SYSTEMPATH\View\View.php(216): CodeIgniter\View\View->CodeIgniter\View\{closure}()
 4 SYSTEMPATH\Common.php(1135): CodeIgniter\View\View->render('dashboard/anggota/catalog', [], true)
 5 APPPATH\Controllers\Dashboard\Anggota\Buku.php(33): view('dashboard/anggota/catalog', [...])
 6 SYSTEMPATH\CodeIgniter.php(925): App\Controllers\Dashboard\Anggota\Buku->k()
 7 SYSTEMPATH\CodeIgniter.php(480): CodeIgniter\CodeIgniter->runController(Object(App\Controllers\Dashboard\Anggota\Buku))
 8 SYSTEMPATH\CodeIgniter.php(349): CodeIgniter\CodeIgniter->handleRequest(null, Object(Config\Cache), false)
 9 FCPATH\index.php(67): CodeIgniter\CodeIgniter->run()
CRITICAL - 2023-02-12 22:52:14 --> Undefined variable $g
in APPPATH\Views\dashboard\anggota\catalog.php on line 38.
 1 APPPATH\Views\dashboard\anggota\catalog.php(38): CodeIgniter\Debug\Exceptions->errorHandler(2, 'Undefined variable $g', 'APPPATH\\Views\\dashboard\\anggota\\catalog.php', 38)
 2 SYSTEMPATH\View\View.php(213): include('APPPATH\\Views\\dashboard\\anggota\\catalog.php')
 3 SYSTEMPATH\View\View.php(216): CodeIgniter\View\View->CodeIgniter\View\{closure}()
 4 SYSTEMPATH\Common.php(1135): CodeIgniter\View\View->render('dashboard/anggota/catalog', [], true)
 5 APPPATH\Controllers\Dashboard\Anggota\Buku.php(33): view('dashboard/anggota/catalog', [...])
 6 SYSTEMPATH\CodeIgniter.php(925): App\Controllers\Dashboard\Anggota\Buku->k()
 7 SYSTEMPATH\CodeIgniter.php(480): CodeIgniter\CodeIgniter->runController(Object(App\Controllers\Dashboard\Anggota\Buku))
 8 SYSTEMPATH\CodeIgniter.php(349): CodeIgniter\CodeIgniter->handleRequest(null, Object(Config\Cache), false)
 9 FCPATH\index.php(67): CodeIgniter\CodeIgniter->run()
CRITICAL - 2023-02-12 22:52:24 --> syntax error, unexpected token ";"
in APPPATH\Views\dashboard\anggota\catalog.php on line 38.
 1 SYSTEMPATH\View\View.php(216): CodeIgniter\View\View->CodeIgniter\View\{closure}()
 2 SYSTEMPATH\Common.php(1135): CodeIgniter\View\View->render('dashboard/anggota/catalog', [], true)
 3 APPPATH\Controllers\Dashboard\Anggota\Buku.php(33): view('dashboard/anggota/catalog', [...])
 4 SYSTEMPATH\CodeIgniter.php(925): App\Controllers\Dashboard\Anggota\Buku->k()
 5 SYSTEMPATH\CodeIgniter.php(480): CodeIgniter\CodeIgniter->runController(Object(App\Controllers\Dashboard\Anggota\Buku))
 6 SYSTEMPATH\CodeIgniter.php(349): CodeIgniter\CodeIgniter->handleRequest(null, Object(Config\Cache), false)
 7 FCPATH\index.php(67): CodeIgniter\CodeIgniter->run()
CRITICAL - 2023-02-12 22:52:44 --> Undefined variable $g
in APPPATH\Views\dashboard\anggota\catalog.php on line 39.
 1 APPPATH\Views\dashboard\anggota\catalog.php(39): CodeIgniter\Debug\Exceptions->errorHandler(2, 'Undefined variable $g', 'APPPATH\\Views\\dashboard\\anggota\\catalog.php', 39)
 2 SYSTEMPATH\View\View.php(213): include('APPPATH\\Views\\dashboard\\anggota\\catalog.php')
 3 SYSTEMPATH\View\View.php(216): CodeIgniter\View\View->CodeIgniter\View\{closure}()
 4 SYSTEMPATH\Common.php(1135): CodeIgniter\View\View->render('dashboard/anggota/catalog', [], true)
 5 APPPATH\Controllers\Dashboard\Anggota\Buku.php(33): view('dashboard/anggota/catalog', [...])
 6 SYSTEMPATH\CodeIgniter.php(925): App\Controllers\Dashboard\Anggota\Buku->k()
 7 SYSTEMPATH\CodeIgniter.php(480): CodeIgniter\CodeIgniter->runController(Object(App\Controllers\Dashboard\Anggota\Buku))
 8 SYSTEMPATH\CodeIgniter.php(349): CodeIgniter\CodeIgniter->handleRequest(null, Object(Config\Cache), false)
 9 FCPATH\index.php(67): CodeIgniter\CodeIgniter->run()
CRITICAL - 2023-02-12 22:52:54 --> Undefined array key "title"
in APPPATH\Views\dashboard\anggota\catalog.php on line 51.
 1 APPPATH\Views\dashboard\anggota\catalog.php(51): CodeIgniter\Debug\Exceptions->errorHandler(2, 'Undefined array key "title"', 'APPPATH\\Views\\dashboard\\anggota\\catalog.php', 51)
 2 SYSTEMPATH\View\View.php(213): include('APPPATH\\Views\\dashboard\\anggota\\catalog.php')
 3 SYSTEMPATH\View\View.php(216): CodeIgniter\View\View->CodeIgniter\View\{closure}()
 4 SYSTEMPATH\Common.php(1135): CodeIgniter\View\View->render('dashboard/anggota/catalog', [], true)
 5 APPPATH\Controllers\Dashboard\Anggota\Buku.php(33): view('dashboard/anggota/catalog', [...])
 6 SYSTEMPATH\CodeIgniter.php(925): App\Controllers\Dashboard\Anggota\Buku->k()
 7 SYSTEMPATH\CodeIgniter.php(480): CodeIgniter\CodeIgniter->runController(Object(App\Controllers\Dashboard\Anggota\Buku))
 8 SYSTEMPATH\CodeIgniter.php(349): CodeIgniter\CodeIgniter->handleRequest(null, Object(Config\Cache), false)
 9 FCPATH\index.php(67): CodeIgniter\CodeIgniter->run()
CRITICAL - 2023-02-12 22:57:09 --> Undefined variable $books
in APPPATH\Views\dashboard\anggota\catalog.php on line 39.
 1 APPPATH\Views\dashboard\anggota\catalog.php(39): CodeIgniter\Debug\Exceptions->errorHandler(2, 'Undefined variable $books', 'APPPATH\\Views\\dashboard\\anggota\\catalog.php', 39)
 2 SYSTEMPATH\View\View.php(213): include('APPPATH\\Views\\dashboard\\anggota\\catalog.php')
 3 SYSTEMPATH\View\View.php(216): CodeIgniter\View\View->CodeIgniter\View\{closure}()
 4 SYSTEMPATH\Common.php(1135): CodeIgniter\View\View->render('dashboard/anggota/catalog', [], true)
 5 APPPATH\Controllers\Dashboard\Anggota\Buku.php(39): view('dashboard/anggota/catalog', [...])
 6 SYSTEMPATH\CodeIgniter.php(925): App\Controllers\Dashboard\Anggota\Buku->k()
 7 SYSTEMPATH\CodeIgniter.php(480): CodeIgniter\CodeIgniter->runController(Object(App\Controllers\Dashboard\Anggota\Buku))
 8 SYSTEMPATH\CodeIgniter.php(349): CodeIgniter\CodeIgniter->handleRequest(null, Object(Config\Cache), false)
 9 FCPATH\index.php(67): CodeIgniter\CodeIgniter->run()
CRITICAL - 2023-02-12 22:57:28 --> Undefined array key "cover"
in APPPATH\Views\dashboard\anggota\catalog.php on line 51.
 1 APPPATH\Views\dashboard\anggota\catalog.php(51): CodeIgniter\Debug\Exceptions->errorHandler(2, 'Undefined array key "cover"', 'APPPATH\\Views\\dashboard\\anggota\\catalog.php', 51)
 2 SYSTEMPATH\View\View.php(213): include('APPPATH\\Views\\dashboard\\anggota\\catalog.php')
 3 SYSTEMPATH\View\View.php(216): CodeIgniter\View\View->CodeIgniter\View\{closure}()
 4 SYSTEMPATH\Common.php(1135): CodeIgniter\View\View->render('dashboard/anggota/catalog', [], true)
 5 APPPATH\Controllers\Dashboard\Anggota\Buku.php(39): view('dashboard/anggota/catalog', [...])
 6 SYSTEMPATH\CodeIgniter.php(925): App\Controllers\Dashboard\Anggota\Buku->k()
 7 SYSTEMPATH\CodeIgniter.php(480): CodeIgniter\CodeIgniter->runController(Object(App\Controllers\Dashboard\Anggota\Buku))
 8 SYSTEMPATH\CodeIgniter.php(349): CodeIgniter\CodeIgniter->handleRequest(null, Object(Config\Cache), false)
 9 FCPATH\index.php(67): CodeIgniter\CodeIgniter->run()
